<?xml version="1.0" encoding="UTF-8"?>
<!-- Generated by org.testng.reporters.JUnitReportReporter -->
<testsuite hostname="MAHESH-LAPTOP" failures="0" tests="2" name="testRunner.TestNGTestRunner" time="33.405" errors="0" timestamp="2024-10-25T13:56:20 IST" skipped="0">
  <testcase classname="testRunner.TestNGTestRunner" name="runScenario" time="6.704"/>
  <testcase classname="testRunner.TestNGTestRunner" name="runScenario" time="26.701"/>
</testsuite> <!-- testRunner.TestNGTestRunner -->
